<?xml version="1.0" encoding="UTF-8"?>
<!-- Generated by org.testng.reporters.JUnitReportReporter -->
<testsuite hostname="Alex-PC" failures="0" tests="1" name="com.itfactory.PatratTest" time="0.006" errors="0" timestamp="2023-06-10T02:20:54 EEST" skipped="0">
  <testcase classname="com.itfactory.PatratTest" name="testCalculeazaPerimetru" time="0.006"/>
  <system-out/>
</testsuite> <!-- com.itfactory.PatratTest -->
